
Note: Compatibility modes selected: hs a


Circuit: ** sch_path: /home/samantha/cace/sar-adc-using-sky130-pdk/runs/run_2025-09-05_21-08-13/parameters/inl/run_3/sar_output.sch

option SCALE: Scale is set to 1e-06 for instance and model parameters
option SCALE: Scale is set to 1e-06 for instance and model parameters
option SCALE: Scale is set to 1e-06 for instance and model parameters
option SCALE: Scale is set to 1e-06 for instance and model parameters
Doing analysis at TEMP = 27.000000 and TNOM = 27.000000

Using KLU as Direct Linear Solver
Operating point simulation skipped by 'uic',
  now using transient initial conditions.
 Reference value :  1.00000e-12
 Reference value :  1.02386e-12
 Reference value :  1.07158e-12
 Reference value :  1.14191e-12
 Reference value :  1.21992e-12
 Reference value :  1.35800e-12
 Reference value :  1.57250e-12
 Reference value :  1.90217e-12
 Reference value :  2.53065e-12
 Reference value :  3.45816e-12
 Reference value :  4.88206e-12
 Reference value :  6.40379e-12
 Reference value :  8.74781e-12
 Reference value :  1.27881e-11
 Reference value :  1.82886e-11
 Reference value :  2.51885e-11
 Reference value :  3.42449e-11
 Reference value :  4.43131e-11
 Reference value :  6.01875e-11
 Reference value :  7.79696e-11
 Reference value :  1.00000e-10
 Reference value :  1.00423e-10
 Reference value :  1.01269e-10
 Reference value :  1.02961e-10
 Reference value :  1.06307e-10
 Reference value :  1.13001e-10
 Reference value :  1.26388e-10
 Reference value :  1.53163e-10
 Reference value :  1.90557e-10
 Reference value :  2.38328e-10
 Reference value :  3.06521e-10
 Reference value :  4.29937e-10
 Reference value :  6.61332e-10
 Reference value :  9.47965e-10
 Reference value :  1.37941e-09
 Reference value :  1.87444e-09
 Reference value :  2.63926e-09
 Reference value :  3.50408e-09
 Reference value :  4.50007e-09
 Reference value :  5.33227e-09
 Reference value :  6.24790e-09
 Reference value :  7.10149e-09
 Reference value :  7.99263e-09
 Reference value :  9.03247e-09
 Reference value :  1.01341e-08
 Reference value :  1.13049e-08
 Reference value :  1.26833e-08
 Reference value :  1.36686e-08
 Reference value :  1.47635e-08
 Reference value :  1.59970e-08
 Reference value :  1.72592e-08
 Reference value :  1.84559e-08
 Reference value :  1.98402e-08
 Reference value :  2.12091e-08
 Reference value :  2.27720e-08
 Reference value :  2.40449e-08
 Reference value :  2.56353e-08
 Reference value :  2.76923e-08
 Reference value :  3.05034e-08
 Reference value :  3.36258e-08
 Reference value :  3.83001e-08
 Reference value :  4.54666e-08
 Reference value :  5.59590e-08
 Reference value :  6.64844e-08
 Reference value :  7.94680e-08
 Reference value :  1.05435e-07
 Reference value :  1.36584e-07
 Reference value :  1.58678e-07
 Reference value :  1.71114e-07
 Reference value :  1.81734e-07
 Reference value :  1.92181e-07
 Reference value :  2.02523e-07
 Reference value :  2.12882e-07
 Reference value :  2.23625e-07
 Reference value :  2.39594e-07
 Reference value :  2.50100e-07
 Reference value :  2.50110e-07
 Reference value :  2.50130e-07
 Reference value :  2.50170e-07
 Reference value :  2.50200e-07
 Reference value :  2.50201e-07
 Reference value :  2.50202e-07
 Reference value :  2.50204e-07
 Reference value :  2.50208e-07
 Reference value :  2.50216e-07
 Reference value :  2.50232e-07
 Reference value :  2.50265e-07
 Reference value :  2.50331e-07
 Reference value :  2.50414e-07
 Reference value :  2.50579e-07
 Reference value :  2.50745e-07
 Reference value :  2.51077e-07
 Reference value :  2.51464e-07
 Reference value :  2.52140e-07
 Reference value :  2.52795e-07
 Reference value :  2.53525e-07
 Reference value :  2.54495e-07
 Reference value :  2.55498e-07
 Reference value :  2.56526e-07
 Reference value :  2.57716e-07
 Reference value :  2.58793e-07
 Reference value :  2.60121e-07
 Reference value :  2.61350e-07
 Reference value :  2.63006e-07
 Reference value :  2.65895e-07
 Reference value :  2.69847e-07
 Reference value :  2.77665e-07
 Reference value :  2.91298e-07
 Reference value :  3.15065e-07
 Reference value :  3.59740e-07
 Reference value :  4.37635e-07
 Reference value :  5.00000e-07
 Reference value :  5.00010e-07
 Reference value :  5.00030e-07
 Reference value :  5.00070e-07
 Reference value :  5.00100e-07
 Reference value :  5.00101e-07
 Reference value :  5.00102e-07
 Reference value :  5.00104e-07
 Reference value :  5.00108e-07
 Reference value :  5.00116e-07
 Reference value :  5.00133e-07
 Reference value :  5.00166e-07
 Reference value :  5.00232e-07
 Reference value :  5.00364e-07
 Reference value :  5.00562e-07
 Reference value :  5.00958e-07
 Reference value :  5.01468e-07
 Reference value :  5.02005e-07
 Reference value :  5.02765e-07
 Reference value :  5.03572e-07
 Reference value :  5.04320e-07
 Reference value :  5.05131e-07
 Reference value :  5.06130e-07
 Reference value :  5.07176e-07
 Reference value :  5.08402e-07
 Reference value :  5.09764e-07
 Reference value :  5.11619e-07
 Reference value :  5.13521e-07
 Reference value :  5.15478e-07
 Reference value :  5.17410e-07
 Reference value :  5.19723e-07
 Reference value :  5.23968e-07
 Reference value :  5.26997e-07
 Reference value :  5.30563e-07
 Reference value :  5.34330e-07
 Reference value :  5.38301e-07
 Reference value :  5.44494e-07
 Reference value :  5.50307e-07
 Reference value :  5.60228e-07
 Reference value :  5.73371e-07
 Reference value :  5.99658e-07
 Reference value :  6.51181e-07
 Reference value :  7.38527e-07
 Reference value :  7.50100e-07
 Reference value :  7.50110e-07
 Reference value :  7.50130e-07
 Reference value :  7.50170e-07
 Reference value :  7.50200e-07
 Reference value :  7.50201e-07
 Reference value :  7.50202e-07
 Reference value :  7.50204e-07
 Reference value :  7.50208e-07
 Reference value :  7.50216e-07
 Reference value :  7.50233e-07
 Reference value :  7.50266e-07
 Reference value :  7.50333e-07
 Reference value :  7.50467e-07
 Reference value :  7.50644e-07
 Reference value :  7.50914e-07
 Reference value :  7.51453e-07
 Reference value :  7.52099e-07
 Reference value :  7.52799e-07
 Reference value :  7.53529e-07
 Reference value :  7.54426e-07
 Reference value :  7.55524e-07
 Reference value :  7.56676e-07
 Reference value :  7.57707e-07
 Reference value :  7.58806e-07
 Reference value :  7.59801e-07
 Reference value :  7.60851e-07
 Reference value :  7.62085e-07
 Reference value :  7.63384e-07
 Reference value :  7.64954e-07
 Reference value :  7.66881e-07
 Reference value :  7.69514e-07
 Reference value :  7.72595e-07
 Reference value :  7.77490e-07
 Reference value :  7.87280e-07
 Reference value :  8.04452e-07
 Reference value :  8.36344e-07
 Reference value :  8.96041e-07
 Reference value :  1.00000e-06
 Reference value :  1.00001e-06
 Reference value :  1.00003e-06
 Reference value :  1.00007e-06
 Reference value :  1.00010e-06
 Reference value :  1.00010e-06
 Reference value :  1.00010e-06
 Reference value :  1.00010e-06
 Reference value :  1.00011e-06
 Reference value :  1.00012e-06
 Reference value :  1.00013e-06
 Reference value :  1.00017e-06
 Reference value :  1.00023e-06
 Reference value :  1.00036e-06
 Reference value :  1.00056e-06
 Reference value :  1.00096e-06
 Reference value :  1.00147e-06
 Reference value :  1.00201e-06
 Reference value :  1.00276e-06
 Reference value :  1.00346e-06
 Reference value :  1.00420e-06
 Reference value :  1.00499e-06
 Reference value :  1.00587e-06
 Reference value :  1.00691e-06
 Reference value :  1.00768e-06
 Reference value :  1.00855e-06
 Reference value :  1.00939e-06
 Reference value :  1.01026e-06
 Reference value :  1.01143e-06
 Reference value :  1.01268e-06
 Reference value :  1.01518e-06
 Reference value :  1.01755e-06
 Reference value :  1.01942e-06
 Reference value :  1.02149e-06
 Reference value :  1.02435e-06
 Reference value :  1.02664e-06
 Reference value :  1.02866e-06
 Reference value :  1.03014e-06
 Reference value :  1.03157e-06
 Reference value :  1.03322e-06
 Reference value :  1.03488e-06
 Reference value :  1.03684e-06
 Reference value :  1.03987e-06
 Reference value :  1.04308e-06
 Reference value :  1.04951e-06
 Reference value :  1.05933e-06
 Reference value :  1.07644e-06
 Reference value :  1.10720e-06
 Reference value :  1.15828e-06
 Reference value :  1.23309e-06
 Reference value :  1.25010e-06
 Reference value :  1.25011e-06
 Reference value :  1.25013e-06
 Reference value :  1.25017e-06
 Reference value :  1.25020e-06
 Reference value :  1.25020e-06
 Reference value :  1.25020e-06
 Reference value :  1.25020e-06
 Reference value :  1.25021e-06
 Reference value :  1.25022e-06
 Reference value :  1.25023e-06
 Reference value :  1.25027e-06
 Reference value :  1.25033e-06
 Reference value :  1.25047e-06
 Reference value :  1.25064e-06
 Reference value :  1.25091e-06
 Reference value :  1.25145e-06
 Reference value :  1.25210e-06
 Reference value :  1.25288e-06
 Reference value :  1.25358e-06
 Reference value :  1.25455e-06
 Reference value :  1.25561e-06
 Reference value :  1.25652e-06
 Reference value :  1.25760e-06
 Reference value :  1.25872e-06
 Reference value :  1.25987e-06
 Reference value :  1.26137e-06
 Reference value :  1.26391e-06
 Reference value :  1.26735e-06
 Reference value :  1.27248e-06
 Reference value :  1.28273e-06
 Reference value :  1.29892e-06
 Reference value :  1.33106e-06
 Reference value :  1.39535e-06
 Reference value :  1.50000e-06
 Reference value :  1.50001e-06
 Reference value :  1.50003e-06
 Reference value :  1.50007e-06
 Reference value :  1.50010e-06
 Reference value :  1.50010e-06
 Reference value :  1.50010e-06
 Reference value :  1.50010e-06
 Reference value :  1.50011e-06
 Reference value :  1.50012e-06
 Reference value :  1.50013e-06
 Reference value :  1.50017e-06
 Reference value :  1.50023e-06
 Reference value :  1.50036e-06
 Reference value :  1.50056e-06
 Reference value :  1.50095e-06
 Reference value :  1.50146e-06
 Reference value :  1.50200e-06
 Reference value :  1.50275e-06
 Reference value :  1.50344e-06
 Reference value :  1.50417e-06
 Reference value :  1.50501e-06
 Reference value :  1.50593e-06
 Reference value :  1.50691e-06
 Reference value :  1.50791e-06
 Reference value :  1.50963e-06
 Reference value :  1.51120e-06
 Reference value :  1.51316e-06
 Reference value :  1.51475e-06
 Reference value :  1.51645e-06
 Reference value :  1.51872e-06
 Reference value :  1.52106e-06
 Reference value :  1.52496e-06
 Reference value :  1.53015e-06
 Reference value :  1.53825e-06
 Reference value :  1.55114e-06
 Reference value :  1.57406e-06
 Reference value :  1.61735e-06
 Reference value :  1.69457e-06
 Reference value :  1.75010e-06
 Reference value :  1.75011e-06
 Reference value :  1.75013e-06
 Reference value :  1.75017e-06
 Reference value :  1.75020e-06
 Reference value :  1.75020e-06
 Reference value :  1.75020e-06
 Reference value :  1.75020e-06
 Reference value :  1.75021e-06
 Reference value :  1.75022e-06
 Reference value :  1.75023e-06
 Reference value :  1.75027e-06
 Reference value :  1.75033e-06
 Reference value :  1.75047e-06
 Reference value :  1.75064e-06
 Reference value :  1.75091e-06
 Reference value :  1.75145e-06
 Reference value :  1.75210e-06
 Reference value :  1.75288e-06
 Reference value :  1.75358e-06
 Reference value :  1.75454e-06
 Reference value :  1.75561e-06
 Reference value :  1.75653e-06
 Reference value :  1.75762e-06
 Reference value :  1.75853e-06
 Reference value :  1.75951e-06
 Reference value :  1.76064e-06
 Reference value :  1.76189e-06
 Reference value :  1.76337e-06
 Reference value :  1.76497e-06
 Reference value :  1.76740e-06
 Reference value :  1.77001e-06
 Reference value :  1.77436e-06
 Reference value :  1.78306e-06
 Reference value :  1.79609e-06
 Reference value :  1.82159e-06
 Reference value :  1.86459e-06
 Reference value :  1.94068e-06
 Reference value :  2.00000e-06
 Reference value :  2.00001e-06
 Reference value :  2.00003e-06
 Reference value :  2.00007e-06
 Reference value :  2.00010e-06
 Reference value :  2.00010e-06
 Reference value :  2.00010e-06
 Reference value :  2.00010e-06
 Reference value :  2.00011e-06
 Reference value :  2.00012e-06
 Reference value :  2.00013e-06
 Reference value :  2.00017e-06
 Reference value :  2.00023e-06
 Reference value :  2.00036e-06
 Reference value :  2.00056e-06
 Reference value :  2.00095e-06
 Reference value :  2.00146e-06
 Reference value :  2.00200e-06
 Reference value :  2.00275e-06
 Reference value :  2.00345e-06
 Reference value :  2.00418e-06
 Reference value :  2.00498e-06
 Reference value :  2.00586e-06
 Reference value :  2.00661e-06
 Reference value :  2.00746e-06
 Reference value :  2.00819e-06
 Reference value :  2.00904e-06
 Reference value :  2.01011e-06
 Reference value :  2.01122e-06
 Reference value :  2.01324e-06
 Reference value :  2.01537e-06
 Reference value :  2.01761e-06
 Reference value :  2.01983e-06
 Reference value :  2.02192e-06
 Reference value :  2.02420e-06
 Reference value :  2.02601e-06
 Reference value :  2.02743e-06
 Reference value :  2.02896e-06
 Reference value :  2.03069e-06
 Reference value :  2.03255e-06
 Reference value :  2.03461e-06
 Reference value :  2.03761e-06
 Reference value :  2.04127e-06
 Reference value :  2.04859e-06
 Reference value :  2.05838e-06
 Reference value :  2.07602e-06
 Reference value :  2.09841e-06
 Reference value :  2.12869e-06
 Reference value :  2.15597e-06
 Reference value :  2.17886e-06
 Reference value :  2.18864e-06
 Reference value :  2.19894e-06
 Reference value :  2.20846e-06
 Reference value :  2.22537e-06
 Reference value :  2.24333e-06
 Reference value :  2.25010e-06
 Reference value :  2.25011e-06
 Reference value :  2.25013e-06
 Reference value :  2.25017e-06
 Reference value :  2.25020e-06
 Reference value :  2.25020e-06
 Reference value :  2.25020e-06
 Reference value :  2.25020e-06
 Reference value :  2.25021e-06
 Reference value :  2.25022e-06
 Reference value :  2.25023e-06
 Reference value :  2.25027e-06
 Reference value :  2.25033e-06
 Reference value :  2.25047e-06
 Reference value :  2.25064e-06
 Reference value :  2.25091e-06
 Reference value :  2.25145e-06
 Reference value :  2.25210e-06
 Reference value :  2.25288e-06
 Reference value :  2.25358e-06
 Reference value :  2.25454e-06
 Reference value :  2.25561e-06
 Reference value :  2.25661e-06
 Reference value :  2.25770e-06
 Reference value :  2.25880e-06
 Reference value :  2.26037e-06
 Reference value :  2.26246e-06
 Reference value :  2.26502e-06
 Reference value :  2.26891e-06
 Reference value :  2.27553e-06
 Reference value :  2.28650e-06
 Reference value :  2.30473e-06
 Reference value :  2.34117e-06
 Reference value :  2.39738e-06
 Reference value :  2.46064e-06
 Reference value :  2.50000e-06
 Reference value :  2.50001e-06
 Reference value :  2.50003e-06
 Reference value :  2.50007e-06
 Reference value :  2.50010e-06
 Reference value :  2.50010e-06
 Reference value :  2.50010e-06
 Reference value :  2.50010e-06
 Reference value :  2.50011e-06
 Reference value :  2.50012e-06
 Reference value :  2.50013e-06
 Reference value :  2.50017e-06
 Reference value :  2.50023e-06
 Reference value :  2.50036e-06
 Reference value :  2.50055e-06
 Reference value :  2.50091e-06
 Reference value :  2.50141e-06
 Reference value :  2.50194e-06
 Reference value :  2.50269e-06
 Reference value :  2.50338e-06
 Reference value :  2.50409e-06
 Reference value :  2.50487e-06
 Reference value :  2.50575e-06
 Reference value :  2.50670e-06
 Reference value :  2.50793e-06
 Reference value :  2.50945e-06
 Reference value :  2.51166e-06
 Reference value :  2.51317e-06
 Reference value :  2.51482e-06
 Reference value :  2.51648e-06
 Reference value :  2.51878e-06
 Reference value :  2.52128e-06
 Reference value :  2.52551e-06
 Reference value :  2.53151e-06
 Reference value :  2.54117e-06
 Reference value :  2.55999e-06
 Reference value :  2.58957e-06
 Reference value :  2.64415e-06
 Reference value :  2.73773e-06
 Reference value :  2.75010e-06
 Reference value :  2.75011e-06
 Reference value :  2.75013e-06
 Reference value :  2.75017e-06
 Reference value :  2.75020e-06
 Reference value :  2.75020e-06
 Reference value :  2.75020e-06
 Reference value :  2.75020e-06
 Reference value :  2.75021e-06
 Reference value :  2.75022e-06
 Reference value :  2.75023e-06
 Reference value :  2.75027e-06
 Reference value :  2.75033e-06
 Reference value :  2.75047e-06
 Reference value :  2.75064e-06
 Reference value :  2.75091e-06
 Reference value :  2.75145e-06
 Reference value :  2.75210e-06
 Reference value :  2.75287e-06
 Reference value :  2.75358e-06
 Reference value :  2.75455e-06
 Reference value :  2.75561e-06
 Reference value :  2.75658e-06
 Reference value :  2.75748e-06
 Reference value :  2.75844e-06
 Reference value :  2.75955e-06
 Reference value :  2.76080e-06
 Reference value :  2.76330e-06
 Reference value :  2.76642e-06
 Reference value :  2.77102e-06
 Reference value :  2.77933e-06
 Reference value :  2.79442e-06
 Reference value :  2.81965e-06
 Reference value :  2.87011e-06
 Reference value :  2.97102e-06
 Reference value :  3.00000e-06
 Reference value :  3.00001e-06
 Reference value :  3.00003e-06
 Reference value :  3.00007e-06
 Reference value :  3.00010e-06
 Reference value :  3.00010e-06
 Reference value :  3.00010e-06
 Reference value :  3.00010e-06
 Reference value :  3.00011e-06
 Reference value :  3.00012e-06
 Reference value :  3.00013e-06
 Reference value :  3.00017e-06
 Reference value :  3.00023e-06
 Reference value :  3.00036e-06
 Reference value :  3.00055e-06
 Reference value :  3.00091e-06
 Reference value :  3.00141e-06
 Reference value :  3.00194e-06
 Reference value :  3.00269e-06
 Reference value :  3.00338e-06
 Reference value :  3.00409e-06
 Reference value :  3.00487e-06
 Reference value :  3.00574e-06
 Reference value :  3.00666e-06
 Reference value :  3.00762e-06
 Reference value :  3.00843e-06
 Reference value :  3.00934e-06
 Reference value :  3.01050e-06
 Reference value :  3.01172e-06
 Reference value :  3.01403e-06
 Reference value :  3.01619e-06
 Reference value :  3.01900e-06
 Reference value :  3.02129e-06
 Reference value :  3.02336e-06
 Reference value :  3.02481e-06
 Reference value :  3.02635e-06
 Reference value :  3.02792e-06
 Reference value :  3.02954e-06
 Reference value :  3.03139e-06
 Reference value :  3.03463e-06
 Reference value :  3.03757e-06
 Reference value :  3.04344e-06
 Reference value :  3.05245e-06
 Reference value :  3.06631e-06
 Reference value :  3.08066e-06
 Reference value :  3.09423e-06
 Reference value :  3.10359e-06
 Reference value :  3.11426e-06
 Reference value :  3.12046e-06
 Reference value :  3.12895e-06
 Reference value :  3.13558e-06
 Reference value :  3.14384e-06
 Reference value :  3.15751e-06
 Reference value :  3.17804e-06
 Reference value :  3.21061e-06
 Reference value :  3.25010e-06
 Reference value :  3.25011e-06
 Reference value :  3.25013e-06
 Reference value :  3.25017e-06
 Reference value :  3.25020e-06
 Reference value :  3.25020e-06
 Reference value :  3.25020e-06
 Reference value :  3.25020e-06
 Reference value :  3.25021e-06
 Reference value :  3.25022e-06
 Reference value :  3.25023e-06
 Reference value :  3.25027e-06
 Reference value :  3.25033e-06
 Reference value :  3.25047e-06
 Reference value :  3.25064e-06
 Reference value :  3.25091e-06
 Reference value :  3.25145e-06
 Reference value :  3.25210e-06
 Reference value :  3.25287e-06
 Reference value :  3.25358e-06
 Reference value :  3.25455e-06
 Reference value :  3.25561e-06
 Reference value :  3.25658e-06
 Reference value :  3.25758e-06
 Reference value :  3.25864e-06
 Reference value :  3.26037e-06
 Reference value :  3.26199e-06
 Reference value :  3.26479e-06
 Reference value :  3.26828e-06
 Reference value :  3.27518e-06
 Reference value :  3.28622e-06
 Reference value :  3.30459e-06
 Reference value :  3.34133e-06
 Reference value :  3.41327e-06
 Reference value :  3.50000e-06
 Reference value :  3.50001e-06
 Reference value :  3.50003e-06
 Reference value :  3.50007e-06
 Reference value :  3.50010e-06
 Reference value :  3.50010e-06
 Reference value :  3.50010e-06
 Reference value :  3.50010e-06
 Reference value :  3.50011e-06
 Reference value :  3.50012e-06
 Reference value :  3.50013e-06
 Reference value :  3.50017e-06
 Reference value :  3.50023e-06
 Reference value :  3.50036e-06
 Reference value :  3.50055e-06
 Reference value :  3.50091e-06
 Reference value :  3.50141e-06
 Reference value :  3.50194e-06
 Reference value :  3.50269e-06
 Reference value :  3.50338e-06
 Reference value :  3.50410e-06
 Reference value :  3.50490e-06
 Reference value :  3.50579e-06
 Reference value :  3.50677e-06
 Reference value :  3.50802e-06
 Reference value :  3.50960e-06
 Reference value :  3.51110e-06
 Reference value :  3.51269e-06
 Reference value :  3.51429e-06
 Reference value :  3.51593e-06
 Reference value :  3.51761e-06
 Reference value :  3.51988e-06
 Reference value :  3.52225e-06
 Reference value :  3.52654e-06
 Reference value :  3.53270e-06
 Reference value :  3.54339e-06
 Reference value :  3.56268e-06
 Reference value :  3.59567e-06
 Reference value :  3.65745e-06
 Reference value :  3.75010e-06
 Reference value :  3.75011e-06
 Reference value :  3.75013e-06
 Reference value :  3.75017e-06
 Reference value :  3.75020e-06
 Reference value :  3.75020e-06
 Reference value :  3.75020e-06
 Reference value :  3.75020e-06
 Reference value :  3.75021e-06
 Reference value :  3.75022e-06
 Reference value :  3.75023e-06
 Reference value :  3.75027e-06
 Reference value :  3.75033e-06
 Reference value :  3.75047e-06
 Reference value :  3.75064e-06
 Reference value :  3.75091e-06
 Reference value :  3.75145e-06
 Reference value :  3.75210e-06
 Reference value :  3.75288e-06
 Reference value :  3.75358e-06
 Reference value :  3.75455e-06
 Reference value :  3.75561e-06
 Reference value :  3.75651e-06
 Reference value :  3.75749e-06
 Reference value :  3.75843e-06
 Reference value :  3.75946e-06
 Reference value :  3.76064e-06
 Reference value :  3.76202e-06
 Reference value :  3.76348e-06
 Reference value :  3.76599e-06
 Reference value :  3.76855e-06
 Reference value :  3.77220e-06
 Reference value :  3.77739e-06
 Reference value :  3.78778e-06
 Reference value :  3.80855e-06
 Reference value :  3.85010e-06
 Reference value :  3.93320e-06
 Reference value :  4.00000e-06
 Reference value :  4.00001e-06
 Reference value :  4.00003e-06
 Reference value :  4.00007e-06
 Reference value :  4.00010e-06
 Reference value :  4.00010e-06
 Reference value :  4.00010e-06
 Reference value :  4.00010e-06
 Reference value :  4.00011e-06
 Reference value :  4.00012e-06
 Reference value :  4.00013e-06
 Reference value :  4.00017e-06
 Reference value :  4.00023e-06
 Reference value :  4.00036e-06
 Reference value :  4.00055e-06
 Reference value :  4.00091e-06
 Reference value :  4.00141e-06
 Reference value :  4.00194e-06
 Reference value :  4.00269e-06
 Reference value :  4.00337e-06
 Reference value :  4.00409e-06
 Reference value :  4.00487e-06
 Reference value :  4.00575e-06
 Reference value :  4.00648e-06
 Reference value :  4.00727e-06
 Reference value :  4.00802e-06
 Reference value :  4.00888e-06
 Reference value :  4.00970e-06
 Reference value :  4.01095e-06
 Reference value :  4.01209e-06
 Reference value :  4.01417e-06
 Reference value :  4.01638e-06
 Reference value :  4.01810e-06
 Reference value :  4.01997e-06
 Reference value :  4.02245e-06
 Reference value :  4.02450e-06
 Reference value :  4.02607e-06
 Reference value :  4.02753e-06
 Reference value :  4.02910e-06
 Reference value :  4.03070e-06
 Reference value :  4.03252e-06
 Reference value :  4.03571e-06
 Reference value :  4.03863e-06
 Reference value :  4.04319e-06
 Reference value :  4.04755e-06
 Reference value :  4.05268e-06
 Reference value :  4.05748e-06
 Reference value :  4.06084e-06
 Reference value :  4.06398e-06
 Reference value :  4.06750e-06
 Reference value :  4.07123e-06
 Reference value :  4.07730e-06
 Reference value :  4.08412e-06
 Reference value :  4.09440e-06
 Reference value :  4.10965e-06
 Reference value :  4.12464e-06
 Reference value :  4.14833e-06
 Reference value :  4.17920e-06
 Reference value :  4.22647e-06
 Reference value :  4.25010e-06
 Reference value :  4.25011e-06
 Reference value :  4.25013e-06
 Reference value :  4.25017e-06
 Reference value :  4.25020e-06
 Reference value :  4.25020e-06
 Reference value :  4.25020e-06
 Reference value :  4.25020e-06
 Reference value :  4.25021e-06
 Reference value :  4.25022e-06
 Reference value :  4.25023e-06
 Reference value :  4.25027e-06
 Reference value :  4.25033e-06
 Reference value :  4.25042e-06
 Reference value :  4.25058e-06
 Reference value :  4.25077e-06
 Reference value :  4.25109e-06
 Reference value :  4.25172e-06
 Reference value :  4.25234e-06
 Reference value :  4.25304e-06
 Reference value :  4.25378e-06
 Reference value :  4.25472e-06
 Reference value :  4.25556e-06
 Reference value :  4.25650e-06
 Reference value :  4.25744e-06
 Reference value :  4.25841e-06
 Reference value :  4.25998e-06
 Reference value :  4.26157e-06
 Reference value :  4.26421e-06
 Reference value :  4.26765e-06
 Reference value :  4.27319e-06
 Reference value :  4.28427e-06
 Reference value :  4.30644e-06
 Reference value :  4.35077e-06
 Reference value :  4.43942e-06
 Reference value :  4.50000e-06
 Reference value :  4.50001e-06
 Reference value :  4.50003e-06
 Reference value :  4.50007e-06
 Reference value :  4.50010e-06
 Reference value :  4.50010e-06
 Reference value :  4.50010e-06
 Reference value :  4.50010e-06
 Reference value :  4.50011e-06
 Reference value :  4.50012e-06
 Reference value :  4.50013e-06
 Reference value :  4.50017e-06
 Reference value :  4.50023e-06
 Reference value :  4.50036e-06
 Reference value :  4.50062e-06
 Reference value :  4.50109e-06
 Reference value :  4.50174e-06
 Reference value :  4.50246e-06
 Reference value :  4.50308e-06
 Reference value :  4.50385e-06
 Reference value :  4.50470e-06
 Reference value :  4.50557e-06
 Reference value :  4.50646e-06
 Reference value :  4.50746e-06
 Reference value :  4.50877e-06
 Reference value :  4.51038e-06
 Reference value :  4.51159e-06
 Reference value :  4.51297e-06
 Reference value :  4.51453e-06
 Reference value :  4.51623e-06
 Reference value :  4.51793e-06
 Reference value :  4.52131e-06
 Reference value :  4.52808e-06
 Reference value :  4.54163e-06
 Reference value :  4.56871e-06
 Reference value :  4.62288e-06
 Reference value :  4.73122e-06
 Reference value :  4.75010e-06
 Reference value :  4.75011e-06
 Reference value :  4.75013e-06
 Reference value :  4.75017e-06
 Reference value :  4.75020e-06
 Reference value :  4.75020e-06
 Reference value :  4.75020e-06
 Reference value :  4.75020e-06
 Reference value :  4.75021e-06
 Reference value :  4.75022e-06
 Reference value :  4.75023e-06
 Reference value :  4.75027e-06
 Reference value :  4.75033e-06
 Reference value :  4.75042e-06
 Reference value :  4.75058e-06
 Reference value :  4.75077e-06
 Reference value :  4.75108e-06
 Reference value :  4.75171e-06
 Reference value :  4.75233e-06
 Reference value :  4.75303e-06
 Reference value :  4.75377e-06
 Reference value :  4.75471e-06
 Reference value :  4.75554e-06
 Reference value :  4.75647e-06
 Reference value :  4.75729e-06
 Reference value :  4.75818e-06
 Reference value :  4.75919e-06
 Reference value :  4.76035e-06
 Reference value :  4.76267e-06
 Reference value :  4.76561e-06
 Reference value :  4.76985e-06
 Reference value :  4.77699e-06
 Reference value :  4.79128e-06
 Reference value :  4.81984e-06
 Reference value :  4.87697e-06
 Reference value :  4.99122e-06
 Reference value :  5.00000e-06
 Reference value :  5.00001e-06
 Reference value :  5.00003e-06
 Reference value :  5.00007e-06
 Reference value :  5.00010e-06
 Reference value :  5.00010e-06
 Reference value :  5.00010e-06
 Reference value :  5.00010e-06
 Reference value :  5.00011e-06
 Reference value :  5.00012e-06
 Reference value :  5.00013e-06
 Reference value :  5.00017e-06
 Reference value :  5.00023e-06
 Reference value :  5.00036e-06
 Reference value :  5.00062e-06
 Reference value :  5.00109e-06
 Reference value :  5.00174e-06
 Reference value :  5.00246e-06
 Reference value :  5.00309e-06
 Reference value :  5.00386e-06
 Reference value :  5.00482e-06
 Reference value :  5.00568e-06
 Reference value :  5.00649e-06
 Reference value :  5.00735e-06
 Reference value :  5.00814e-06
 Reference value :  5.00900e-06
 Reference value :  5.01017e-06
 Reference value :  5.01140e-06
 Reference value :  5.01384e-06
 Reference value :  5.01640e-06
 Reference value :  5.01954e-06
 Reference value :  5.02293e-06
 Reference value :  5.02644e-06
 Reference value :  5.02896e-06
 Reference value :  5.03132e-06
 Reference value :  5.03399e-06
 Reference value :  5.03662e-06
 Reference value :  5.03928e-06
 Reference value :  5.04315e-06
 Reference value :  5.04764e-06
 Reference value :  5.05405e-06
 Reference value :  5.06311e-06
 Reference value :  5.07477e-06
 Reference value :  5.08684e-06
 Reference value :  5.09939e-06
 Reference value :  5.11233e-06
 Reference value :  5.12155e-06
 Reference value :  5.13050e-06
 Reference value :  5.14204e-06
 Reference value :  5.15356e-06
 Reference value :  5.17045e-06
 Reference value :  5.19068e-06
 Reference value :  5.21890e-06
 Reference value :  5.25010e-06
 Reference value :  5.25011e-06
 Reference value :  5.25013e-06
 Reference value :  5.25017e-06
 Reference value :  5.25020e-06
 Reference value :  5.25020e-06
 Reference value :  5.25020e-06
 Reference value :  5.25020e-06
 Reference value :  5.25021e-06
 Reference value :  5.25022e-06
 Reference value :  5.25023e-06
 Reference value :  5.25027e-06
 Reference value :  5.25033e-06
 Reference value :  5.25042e-06
 Reference value :  5.25058e-06
 Reference value :  5.25076e-06
 Reference value :  5.25108e-06
 Reference value :  5.25172e-06
 Reference value :  5.25234e-06
 Reference value :  5.25304e-06
 Reference value :  5.25378e-06
 Reference value :  5.25473e-06
 Reference value :  5.25576e-06
 Reference value :  5.25651e-06
 Reference value :  5.25740e-06
 Reference value :  5.25835e-06
 Reference value :  5.25948e-06
 Reference value :  5.26069e-06
 Reference value :  5.26311e-06
 Reference value :  5.26620e-06
 Reference value :  5.27071e-06
 Reference value :  5.27929e-06
 Reference value :  5.29643e-06
 Reference value :  5.32484e-06
 Reference value :  5.36258e-06
 Reference value :  5.42829e-06
 Reference value :  5.50000e-06
 Reference value :  5.50001e-06
 Reference value :  5.50003e-06
 Reference value :  5.50007e-06
 Reference value :  5.50010e-06
 Reference value :  5.50010e-06
 Reference value :  5.50010e-06
 Reference value :  5.50010e-06
 Reference value :  5.50011e-06
 Reference value :  5.50012e-06
 Reference value :  5.50013e-06
 Reference value :  5.50017e-06
 Reference value :  5.50023e-06
 Reference value :  5.50036e-06
 Reference value :  5.50062e-06
 Reference value :  5.50109e-06
 Reference value :  5.50174e-06
 Reference value :  5.50246e-06
 Reference value :  5.50308e-06
 Reference value :  5.50385e-06
 Reference value :  5.50481e-06
 Reference value :  5.50576e-06
 Reference value :  5.50670e-06
 Reference value :  5.50784e-06
 Reference value :  5.50927e-06
 Reference value :  5.51087e-06
 Reference value :  5.51235e-06
 Reference value :  5.51371e-06
 Reference value :  5.51520e-06
 Reference value :  5.51710e-06
 Reference value :  5.51883e-06
 Reference value :  5.52228e-06
 Reference value :  5.52727e-06
 Reference value :  5.53627e-06
 Reference value :  5.55427e-06
 Reference value :  5.58396e-06
 Reference value :  5.61963e-06
 Reference value :  5.69096e-06
 Reference value :  5.75010e-06
 Reference value :  5.75011e-06
 Reference value :  5.75013e-06
 Reference value :  5.75017e-06
 Reference value :  5.75020e-06
 Reference value :  5.75020e-06
 Reference value :  5.75020e-06
 Reference value :  5.75020e-06
 Reference value :  5.75021e-06
 Reference value :  5.75022e-06
 Reference value :  5.75023e-06
 Reference value :  5.75027e-06
 Reference value :  5.75033e-06
 Reference value :  5.75042e-06
 Reference value :  5.75058e-06
 Reference value :  5.75077e-06
 Reference value :  5.75108e-06
 Reference value :  5.75171e-06
 Reference value :  5.75233e-06
 Reference value :  5.75303e-06
 Reference value :  5.75376e-06
 Reference value :  5.75470e-06
 Reference value :  5.75573e-06
 Reference value :  5.75649e-06
 Reference value :  5.75737e-06
 Reference value :  5.75836e-06
 Reference value :  5.75929e-06
 Reference value :  5.76040e-06
 Reference value :  5.76162e-06
 Reference value :  5.76314e-06
 Reference value :  5.76471e-06
 Reference value :  5.76693e-06
 Reference value :  5.76942e-06
 Reference value :  5.77365e-06
 Reference value :  5.78166e-06
 Reference value :  5.79381e-06
 Reference value :  5.81688e-06
 Reference value :  5.85530e-06
 Reference value :  5.92255e-06
 Reference value :  6.00000e-06
 Reference value :  6.00001e-06
 Reference value :  6.00003e-06
 Reference value :  6.00007e-06
 Reference value :  6.00010e-06
 Reference value :  6.00010e-06
 Reference value :  6.00010e-06
 Reference value :  6.00010e-06
 Reference value :  6.00011e-06
 Reference value :  6.00012e-06
 Reference value :  6.00013e-06
 Reference value :  6.00017e-06
 Reference value :  6.00023e-06
 Reference value :  6.00036e-06
 Reference value :  6.00062e-06
 Reference value :  6.00109e-06
 Reference value :  6.00174e-06
 Reference value :  6.00246e-06
 Reference value :  6.00309e-06
 Reference value :  6.00385e-06
 Reference value :  6.00482e-06
 Reference value :  6.00571e-06
 Reference value :  6.00666e-06
 Reference value :  6.00761e-06
 Reference value :  6.00855e-06
 Reference value :  6.00956e-06
 Reference value :  6.01079e-06
 Reference value :  6.01200e-06
 Reference value :  6.01442e-06
 Reference value :  6.01700e-06
 Reference value :  6.01890e-06
 Reference value :  6.02104e-06
 Reference value :  6.02327e-06
 Reference value :  6.02588e-06
 Reference value :  6.02774e-06
 Reference value :  6.02917e-06
 Reference value :  6.03069e-06
 Reference value :  6.03223e-06
 Reference value :  6.03379e-06
 Reference value :  6.03559e-06
 Reference value :  6.03832e-06
 Reference value :  6.04120e-06
 Reference value :  6.04670e-06
 Reference value :  6.05410e-06
 Reference value :  6.06257e-06
 Reference value :  6.07373e-06
 Reference value :  6.09605e-06
 Reference value :  6.13663e-06
 Reference value :  6.20474e-06
 Reference value :  6.25010e-06
 Reference value :  6.25011e-06
 Reference value :  6.25013e-06
 Reference value :  6.25017e-06
 Reference value :  6.25020e-06
 Reference value :  6.25020e-06
 Reference value :  6.25020e-06
 Reference value :  6.25020e-06
 Reference value :  6.25021e-06
 Reference value :  6.25022e-06
 Reference value :  6.25023e-06
 Reference value :  6.25027e-06
 Reference value :  6.25033e-06
 Reference value :  6.25041e-06
 Reference value :  6.25058e-06
 Reference value :  6.25076e-06
 Reference value :  6.25106e-06
 Reference value :  6.25165e-06
 Reference value :  6.25229e-06
 Reference value :  6.25299e-06
 Reference value :  6.25371e-06
 Reference value :  6.25464e-06
 Reference value :  6.25565e-06
 Reference value :  6.25692e-06
 Reference value :  6.25794e-06
 Reference value :  6.25903e-06
 Reference value :  6.26020e-06
 Reference value :  6.26203e-06
 Reference value :  6.26374e-06
 Reference value :  6.26718e-06
 Reference value :  6.27211e-06
 Reference value :  6.28061e-06
 Reference value :  6.29676e-06
 Reference value :  6.32395e-06
 Reference value :  6.37834e-06
 Reference value :  6.48711e-06
 Reference value :  6.50000e-06
 Reference value :  6.50001e-06
 Reference value :  6.50003e-06
 Reference value :  6.50007e-06
 Reference value :  6.50010e-06
 Reference value :  6.50010e-06
 Reference value :  6.50010e-06
 Reference value :  6.50010e-06
 Reference value :  6.50011e-06
 Reference value :  6.50012e-06
 Reference value :  6.50013e-06
 Reference value :  6.50017e-06
 Reference value :  6.50023e-06
 Reference value :  6.50036e-06
 Reference value :  6.50062e-06
 Reference value :  6.50109e-06
 Reference value :  6.50174e-06
 Reference value :  6.50246e-06
 Reference value :  6.50308e-06
 Reference value :  6.50385e-06
 Reference value :  6.50480e-06
 Reference value :  6.50576e-06
 Reference value :  6.50669e-06
 Reference value :  6.50771e-06
 Reference value :  6.50879e-06
 Reference value :  6.51045e-06
 Reference value :  6.51218e-06
 Reference value :  6.51351e-06
 Reference value :  6.51507e-06
 Reference value :  6.51663e-06
 Reference value :  6.51838e-06
 Reference value :  6.52188e-06
 Reference value :  6.52599e-06
 Reference value :  6.53419e-06
 Reference value :  6.55060e-06
 Reference value :  6.58343e-06
 Reference value :  6.64908e-06
 Reference value :  6.75010e-06
 Reference value :  6.75011e-06
 Reference value :  6.75013e-06
 Reference value :  6.75017e-06
 Reference value :  6.75020e-06
 Reference value :  6.75020e-06
 Reference value :  6.75020e-06
 Reference value :  6.75020e-06
 Reference value :  6.75021e-06
 Reference value :  6.75022e-06
 Reference value :  6.75023e-06
 Reference value :  6.75027e-06
 Reference value :  6.75033e-06
 Reference value :  6.75041e-06
 Reference value :  6.75058e-06
 Reference value :  6.75080e-06
 Reference value :  6.75107e-06
 Reference value :  6.75163e-06
 Reference value :  6.75225e-06
 Reference value :  6.75292e-06
 Reference value :  6.75364e-06
 Reference value :  6.75457e-06
 Reference value :  6.75558e-06
 Reference value :  6.75681e-06
 Reference value :  6.75778e-06
 Reference value :  6.75882e-06
 Reference value :  6.75985e-06
 Reference value :  6.76092e-06
 Reference value :  6.76215e-06
 Reference value :  6.76461e-06
 Reference value :  6.76911e-06
 Reference value :  6.77590e-06
 Reference value :  6.78948e-06
 Reference value :  6.81664e-06
 Reference value :  6.87095e-06
 Reference value :  6.97958e-06
 Reference value :  7.00000e-06
 Reference value :  7.00001e-06
 Reference value :  7.00003e-06
 Reference value :  7.00007e-06
 Reference value :  7.00010e-06
 Reference value :  7.00010e-06
 Reference value :  7.00010e-06
 Reference value :  7.00010e-06
 Reference value :  7.00011e-06
 Reference value :  7.00012e-06
 Reference value :  7.00013e-06
 Reference value :  7.00017e-06
 Reference value :  7.00023e-06
 Reference value :  7.00036e-06
 Reference value :  7.00062e-06
 Reference value :  7.00109e-06
 Reference value :  7.00174e-06
 Reference value :  7.00246e-06
 Reference value :  7.00308e-06
 Reference value :  7.00385e-06
 Reference value :  7.00481e-06
 Reference value :  7.00571e-06
 Reference value :  7.00665e-06
 Reference value :  7.00742e-06
 Reference value :  7.00831e-06
 Reference value :  7.00920e-06
 Reference value :  7.01039e-06
 Reference value :  7.01181e-06
 Reference value :  7.01452e-06
 Reference value :  7.01733e-06
 Reference value :  7.02077e-06
 Reference value :  7.02368e-06
 Reference value :  7.02673e-06
 Reference value :  7.02897e-06
 Reference value :  7.03107e-06
 Reference value :  7.03303e-06
 Reference value :  7.03511e-06
 Reference value :  7.03754e-06
 Reference value :  7.04082e-06
 Reference value :  7.04519e-06
 Reference value :  7.05215e-06
 Reference value :  7.06351e-06
 Reference value :  7.07859e-06
 Reference value :  7.10475e-06
 Reference value :  7.14445e-06
 Reference value :  7.22186e-06
 Reference value :  7.25010e-06
 Reference value :  7.25011e-06
 Reference value :  7.25013e-06
 Reference value :  7.25017e-06
 Reference value :  7.25020e-06
 Reference value :  7.25020e-06
 Reference value :  7.25020e-06
 Reference value :  7.25020e-06
 Reference value :  7.25021e-06
 Reference value :  7.25022e-06
 Reference value :  7.25023e-06
 Reference value :  7.25027e-06
 Reference value :  7.25033e-06
 Reference value :  7.25042e-06
 Reference value :  7.25059e-06
 Reference value :  7.25077e-06
 Reference value :  7.25107e-06
 Reference value :  7.25167e-06
 Reference value :  7.25229e-06
 Reference value :  7.25299e-06
 Reference value :  7.25372e-06
 Reference value :  7.25465e-06
 Reference value :  7.25566e-06
 Reference value :  7.25661e-06
 Reference value :  7.25783e-06
 Reference value :  7.25894e-06
 Reference value :  7.26015e-06
 Reference value :  7.26190e-06
 Reference value :  7.26418e-06
 Reference value :  7.26813e-06
 Reference value :  7.27392e-06
 Reference value :  7.28551e-06
 Reference value :  7.30657e-06
 Reference value :  7.34868e-06
 Reference value :  7.43291e-06
 Reference value :  7.50000e-06
 Reference value :  7.50001e-06
 Reference value :  7.50003e-06
 Reference value :  7.50007e-06
 Reference value :  7.50010e-06
 Reference value :  7.50010e-06
 Reference value :  7.50010e-06
 Reference value :  7.50010e-06
 Reference value :  7.50011e-06
 Reference value :  7.50012e-06
 Reference value :  7.50013e-06
 Reference value :  7.50017e-06
 Reference value :  7.50023e-06
 Reference value :  7.50036e-06
 Reference value :  7.50062e-06
 Reference value :  7.50109e-06
 Reference value :  7.50171e-06
 Reference value :  7.50245e-06
 Reference value :  7.50308e-06
 Reference value :  7.50385e-06
 Reference value :  7.50479e-06
 Reference value :  7.50576e-06
 Reference value :  7.50668e-06
 Reference value :  7.50785e-06
 Reference value :  7.50906e-06
 Reference value :  7.51091e-06
 Reference value :  7.51292e-06
 Reference value :  7.51463e-06
 Reference value :  7.51644e-06
 Reference value :  7.51877e-06
 Reference value :  7.52117e-06
 Reference value :  7.52527e-06
 Reference value :  7.53091e-06
 Reference value :  7.54030e-06
 Reference value :  7.55644e-06
 Reference value :  7.58221e-06
 Reference value :  7.63016e-06
 Reference value :  7.71646e-06
 Reference value :  7.75010e-06
 Reference value :  7.75011e-06
 Reference value :  7.75013e-06
 Reference value :  7.75017e-06
 Reference value :  7.75020e-06
 Reference value :  7.75020e-06
 Reference value :  7.75020e-06
 Reference value :  7.75020e-06
 Reference value :  7.75021e-06
 Reference value :  7.75022e-06
 Reference value :  7.75023e-06
 Reference value :  7.75027e-06
 Reference value :  7.75033e-06
 Reference value :  7.75042e-06
 Reference value :  7.75059e-06
 Reference value :  7.75082e-06
 Reference value :  7.75109e-06
 Reference value :  7.75165e-06
 Reference value :  7.75226e-06
 Reference value :  7.75292e-06
 Reference value :  7.75365e-06
 Reference value :  7.75457e-06
 Reference value :  7.75558e-06
 Reference value :  7.75656e-06
 Reference value :  7.75762e-06
 Reference value :  7.75857e-06
 Reference value :  7.75956e-06
 Reference value :  7.76063e-06
 Reference value :  7.76188e-06
 Reference value :  7.76436e-06
 Reference value :  7.76852e-06
 Reference value :  7.77494e-06
 Reference value :  7.78779e-06
 Reference value :  7.81349e-06
 Reference value :  7.86488e-06
 Reference value :  7.96767e-06
 Reference value :  8.00000e-06
 Reference value :  8.00001e-06
 Reference value :  8.00003e-06
 Reference value :  8.00007e-06
 Reference value :  8.00010e-06
 Reference value :  8.00010e-06
 Reference value :  8.00010e-06
 Reference value :  8.00010e-06
 Reference value :  8.00011e-06
 Reference value :  8.00012e-06
 Reference value :  8.00013e-06
 Reference value :  8.00017e-06
 Reference value :  8.00023e-06
 Reference value :  8.00036e-06
 Reference value :  8.00062e-06
 Reference value :  8.00109e-06
 Reference value :  8.00171e-06
 Reference value :  8.00245e-06
 Reference value :  8.00308e-06
 Reference value :  8.00385e-06
 Reference value :  8.00482e-06
 Reference value :  8.00575e-06
 Reference value :  8.00670e-06
 Reference value :  8.00757e-06
 Reference value :  8.00851e-06
 Reference value :  8.00955e-06
 Reference value :  8.01070e-06
 Reference value :  8.01244e-06
 Reference value :  8.01396e-06
 Reference value :  8.01557e-06
 Reference value :  8.01723e-06
 Reference value :  8.01904e-06
 Reference value :  8.02266e-06
 Reference value :  8.02810e-06
 Reference value :  8.03694e-06
 Reference value :  8.05463e-06
 Reference value :  8.09001e-06
 Reference value :  8.16076e-06
 Reference value :  8.25010e-06
 Reference value :  8.25011e-06
 Reference value :  8.25013e-06
 Reference value :  8.25017e-06
 Reference value :  8.25020e-06
 Reference value :  8.25020e-06
 Reference value :  8.25020e-06
 Reference value :  8.25020e-06
 Reference value :  8.25021e-06
 Reference value :  8.25022e-06
 Reference value :  8.25023e-06
 Reference value :  8.25027e-06
 Reference value :  8.25033e-06
 Reference value :  8.25047e-06
 Reference value :  8.25064e-06
 Reference value :  8.25085e-06
 Reference value :  8.25127e-06
 Reference value :  8.25193e-06
 Reference value :  8.25261e-06
 Reference value :  8.25331e-06
 Reference value :  8.25422e-06
 Reference value :  8.25545e-06
 Reference value :  8.25660e-06
 Reference value :  8.25789e-06
 Reference value :  8.25953e-06
 Reference value :  8.26158e-06
 Reference value :  8.26424e-06
 Reference value :  8.26765e-06
 Reference value :  8.27257e-06
 Reference value :  8.28243e-06
 Reference value :  8.29636e-06
 Reference value :  8.32421e-06
 Reference value :  8.37992e-06
 Reference value :  8.48514e-06
 Reference value :  8.50000e-06
No. of Data Rows : 1401
ngspice-44 done
