Running parameters: DNL
Generating simulation netlist from schematic…
Skipping extraction of rcx netlist. Up to date.
Skipping extraction of layout netlist. Up to date.
Not regenerating GDSII from magic layout. Up to date.
Parameter DNL: Generating simulation files…
Parameter DNL: Running simulations…
Parameter DNL: Collecting results…
Running user-defined script '[repr.filename][link=file:///home/ece/cace/SAR-ADC-using-Sky130-PDK/cace/scripts/dnl.py]cace/scripts/dnl.py[/link][/repr.filename]'…
[DEBUG] VIN samples:
[0.828 0.818 0.81  0.802 0.799 0.799 0.798 0.798 0.796 0.797 0.794 0.796
 0.796 0.794 0.794 0.788 0.782 0.779 0.778 0.78 ]
[DEBUG] Code samples:
[118 117 116 115 114 114 114 114 114 114 113 114 114 113 113 113 112 111
 111 111]
[DEBUG] Transition voltages:
[0.828 0.818 0.81  0.802 0.799 0.794 0.796 0.794 0.782 0.779]
[DEBUG] Code transitions:
[  1 117 116 115 114 113 114 113 112 111]
[DEBUG] Bin widths:
[-0.01  -0.008 -0.008 -0.003 -0.005  0.002 -0.002 -0.012 -0.003]
[DEBUG] DNL:
[-2.42222222 -2.13777778 -2.13777778 -1.42666667 -1.71111111 -0.71555556
 -1.28444444 -2.70666667 -1.42666667]
Parameter DNL: Saving simulation summary as '[repr.filename][link=file:///home/ece/cace/SAR-ADC-using-Sky130-PDK/runs/RUN_2025-10-12_03-33-00/parameters/DNL/simulation_summary.md]runs/RUN_2025-10-12_03-33-00/parameters/DNL/simulation_summary.md[/link][/repr.filename]'…
Done with CACE simulations and evaluations in 0:33:06.
