Running parameters: DNL
Generating simulation netlist from schematic…
Skipping extraction of rcx netlist. Up to date.
Skipping extraction of layout netlist. Up to date.
Not regenerating GDSII from magic layout. Up to date.
Parameter DNL: Generating simulation files…
Parameter DNL: Running simulations…
Parameter DNL: Collecting results…
Running user-defined script '[repr.filename][link=file:///home/ece/cace/SAR-ADC-using-Sky130-PDK/cace/scripts/dnl.py]cace/scripts/dnl.py[/link][/repr.filename]'…
[DEBUG] VIN samples:
[0.91764706 0.91941176 0.92117647 0.92294118 0.92470588 0.92647059
 0.92823529 0.93       0.93176471 0.93352941 0.93529412 0.93705882
 0.93882353 0.94058823 0.94235294 0.94411765 0.94588235 0.94764706
 0.94941177 0.95117647 0.95294118]
[DEBUG] Code samples:
[131 132 132 132 132 132 133 133 133 133 134 134 134 134 135 135 135 136
 136 136 136]
[DEBUG] Transition voltages:
[0.91764706 0.91941176 0.92823529 0.93529412 0.94235294 0.94764706]
[DEBUG] Code transitions:
[  1 132 133 134 135 136]
[DEBUG] Bin widths:
[0.00176471 0.00882353 0.00705882 0.00705882 0.00529412]
[DEBUG] DNL:
[-0.74901959  0.2549019   0.00392164  0.00392149 -0.24705877]
Parameter DNL: Saving simulation summary as '[repr.filename][link=file:///home/ece/cace/SAR-ADC-using-Sky130-PDK/runs/RUN_2025-09-12_02-50-58/parameters/DNL/simulation_summary.md]runs/RUN_2025-09-12_02-50-58/parameters/DNL/simulation_summary.md[/link][/repr.filename]'…
Done with CACE simulations and evaluations in 0:33:44.
