Running parameters: DNL
Generating simulation netlist from schematic…
Parameter DNL: Generating simulation files…
Parameter DNL: Running simulations…
Parameter DNL: Collecting results…
Running user-defined script '[repr.filename][link=file:///home/ece/cace/SAR-ADC-using-Sky130-PDK/cace/scripts/dnl.py]cace/scripts/dnl.py[/link][/repr.filename]'…
[DEBUG] VIN samples:
[1.05882353 1.06058824 1.06235294 1.06411765 1.06588235 1.06764706
 1.06941176 1.07117647 1.07294118 1.07470588 1.07647059 1.07823529
 1.08       1.08176471 1.08352941 1.08529412 1.08705882 1.08882353
 1.09058824 1.09235294 1.09411765]
[DEBUG] Code samples:
[150 150 150 150 151 151 151 151 152 152 152 153 153 153 153 154 154 154
 154 154 155]
[DEBUG] Transition voltages:
[1.05882353 1.06588235 1.07294118 1.07823529 1.08529412 1.09411765]
[DEBUG] Code transitions:
[  1 151 152 153 154 155]
[DEBUG] Bin widths:
[0.00705882 0.00705883 0.00529411 0.00705883 0.00882353]
[DEBUG] DNL:
[ 0.00392107  0.00392249 -0.24705991  0.00392249  0.25490204]
Running user-defined script '[repr.filename][link=file:///home/ece/cace/SAR-ADC-using-Sky130-PDK/cace/scripts/dnl.py]cace/scripts/dnl.py[/link][/repr.filename]'…
[DEBUG] VIN samples:
[1.05882353 1.06058824 1.06235294 1.06411765 1.06588235 1.06764706
 1.06941176 1.07117647 1.07294118 1.07470588 1.07647059 1.07823529
 1.08       1.08176471 1.08352941 1.08529412 1.08705882 1.08882353
 1.09058824 1.09235294 1.09411765]
[DEBUG] Code samples:
[150 150 150 150 151 151 151 151 152 152 152 153 153 153 153 154 154 154
 154 154 155]
[DEBUG] Transition voltages:
[1.05882353 1.06588235 1.07294118 1.07823529 1.08529412 1.09411765]
[DEBUG] Code transitions:
[  1 151 152 153 154 155]
[DEBUG] Bin widths:
[0.00705882 0.00705883 0.00529411 0.00705883 0.00882353]
[DEBUG] DNL:
[ 0.00392107  0.00392249 -0.24705991  0.00392249  0.25490204]
Running user-defined script '[repr.filename][link=file:///home/ece/cace/SAR-ADC-using-Sky130-PDK/cace/scripts/dnl.py]cace/scripts/dnl.py[/link][/repr.filename]'…
[DEBUG] VIN samples:
[1.05882353 1.06058824 1.06235294 1.06411765 1.06588235 1.06764706
 1.06941176 1.07117647 1.07294118 1.07470588 1.07647059 1.07823529
 1.08       1.08176471 1.08352941 1.08529412 1.08705882 1.08882353
 1.09058824 1.09235294 1.09411765]
[DEBUG] Code samples:
[150 150 150 150 151 151 151 151 152 152 152 152 153 153 153 154 154 154
 154 154 155]
[DEBUG] Transition voltages:
[1.05882353 1.06588235 1.07294118 1.08       1.08529412 1.09411765]
[DEBUG] Code transitions:
[  1 151 152 153 154 155]
[DEBUG] Bin widths:
[0.00705882 0.00705883 0.00705882 0.00529412 0.00882353]
[DEBUG] DNL:
[ 0.00392107  0.00392249  0.00392107 -0.24705849  0.25490204]
Running user-defined script '[repr.filename][link=file:///home/ece/cace/SAR-ADC-using-Sky130-PDK/cace/scripts/dnl.py]cace/scripts/dnl.py[/link][/repr.filename]'…
[DEBUG] VIN samples:
[1.05882353 1.06058824 1.06235294 1.06411765 1.06588235 1.06764706
 1.06941176 1.07117647 1.07294118 1.07470588 1.07647059 1.07823529
 1.08       1.08176471 1.08352941 1.08529412 1.08705882 1.08882353
 1.09058824 1.09235294 1.09411765]
[DEBUG] Code samples:
[150 150 150 150 151 151 151 151 152 152 152 152 153 153 153 154 154 154
 154 154 155]
[DEBUG] Transition voltages:
[1.05882353 1.06588235 1.07294118 1.08       1.08529412 1.09411765]
[DEBUG] Code transitions:
[  1 151 152 153 154 155]
[DEBUG] Bin widths:
[0.00705882 0.00705883 0.00705882 0.00529412 0.00882353]
[DEBUG] DNL:
[ 0.00392107  0.00392249  0.00392107 -0.24705849  0.25490204]
Running user-defined script '[repr.filename][link=file:///home/ece/cace/SAR-ADC-using-Sky130-PDK/cace/scripts/dnl.py]cace/scripts/dnl.py[/link][/repr.filename]'…
[DEBUG] VIN samples:
[1.05882353 1.06058824 1.06235294 1.06411765 1.06588235 1.06764706
 1.06941176 1.07117647 1.07294118 1.07470588 1.07647059 1.07823529
 1.08       1.08176471 1.08352941 1.08529412 1.08705882 1.08882353
 1.09058824 1.09235294 1.09411765]
[DEBUG] Code samples:
[150 150 150 150 151 151 151 151 152 152 152 153 153 153 153 154 154 154
 154 154 155]
[DEBUG] Transition voltages:
[1.05882353 1.06588235 1.07294118 1.07823529 1.08529412 1.09411765]
[DEBUG] Code transitions:
[  1 151 152 153 154 155]
[DEBUG] Bin widths:
[0.00705882 0.00705883 0.00529411 0.00705883 0.00882353]
[DEBUG] DNL:
[ 0.00392107  0.00392249 -0.24705991  0.00392249  0.25490204]
Parameter DNL: Saving simulation summary as '[repr.filename][link=file:///home/ece/cace/SAR-ADC-using-Sky130-PDK/runs/RUN_2025-09-12_20-59-33/parameters/DNL/simulation_summary.md]runs/RUN_2025-09-12_20-59-33/parameters/DNL/simulation_summary.md[/link][/repr.filename]'…
Done with CACE simulations and evaluations in 0:22:23.
