Running parameters: DNL
Generating simulation netlist from schematic…
Skipping extraction of rcx netlist. Up to date.
Skipping extraction of layout netlist. Up to date.
Not regenerating GDSII from magic layout. Up to date.
Parameter DNL: Generating simulation files…
Parameter DNL: Running simulations…
Parameter DNL: Collecting results…
Running user-defined script '[repr.filename][link=file:///home/ece/cace/SAR-ADC-using-Sky130-PDK/cace/scripts/dnl.py]cace/scripts/dnl.py[/link][/repr.filename]'…
[DEBUG] VIN samples:
[1.48235294 1.48411765 1.48588235 1.48764706 1.48941176 1.49117647
 1.49294118 1.49470588 1.49647059 1.49823529 1.5        1.50176471
 1.50352941 1.50529412 1.50705882 1.50882353 1.51058824 1.51235294
 1.51411765 1.51588235 1.51764706]
[DEBUG] Code samples:
[212 212 213 213 213 213 214 214 214 214 215 215 215 215 216 216 216 216
 217 217 217]
[DEBUG] Transition voltages:
[1.48235294 1.48588235 1.49294118 1.5        1.50705882 1.51411765]
[DEBUG] Code transitions:
[  1 213 214 215 216 217]
[DEBUG] Bin widths:
[0.00352941 0.00705883 0.00705882 0.00705882 0.00705883]
[DEBUG] DNL:
[-0.49803947  0.00392249  0.00392107  0.00392107  0.00392249]
Parameter DNL: Saving simulation summary as '[repr.filename][link=file:///home/ece/cace/SAR-ADC-using-Sky130-PDK/runs/RUN_2025-09-11_20-14-14/parameters/DNL/simulation_summary.md]runs/RUN_2025-09-11_20-14-14/parameters/DNL/simulation_summary.md[/link][/repr.filename]'…
Done with CACE simulations and evaluations in 0:31:26.
