Running parameters: DNL
Generating simulation netlist from schematic…
Parameter DNL: Generating simulation files…
Parameter DNL: Running simulations…
Parameter DNL: Collecting results…
Running user-defined script '[repr.filename][link=file:///home/madra/cace/SAR-ADC-using-Sky130-PDK/cace/scripts/dnl.py]cace/scripts/dnl.py[/link][/repr.filename]'…
[DEBUG] VIN samples:
[0.27882353 0.28058824 0.28235294 0.28411765 0.28588235 0.28764706
 0.28941176 0.29117647 0.29294118 0.29470588 0.29647059 0.29823529
 0.3        0.30176471 0.30352941 0.30529412 0.30705882 0.30882353
 0.31058823 0.31235294 0.31411765 0.31588235 0.31764706 0.31941177
 0.32117647 0.32294118 0.32470588 0.32647059 0.32823529 0.33
 0.33176471 0.33352941 0.33529412 0.33705882 0.33882353 0.34058824
 0.34235294 0.34411765 0.34588235 0.34764706 0.34941176 0.35117647
 0.35294118 0.35470588 0.35647059 0.35823529 0.36       0.36176471
 0.36352941 0.36529412 0.36705882 0.36882353 0.37058823 0.37235294
 0.37411765 0.37588235 0.37764706 0.37941177 0.38117647 0.38294118
 0.38470588 0.38647059 0.38823529 0.39       0.39176471 0.39352941
 0.39529412 0.39705882 0.39882353 0.40058824 0.40235294 0.40411765
 0.40588235 0.40764706 0.40941176 0.41117647 0.41294118 0.41470588
 0.41647059 0.41823529]
[DEBUG] Code samples:
[39 39 40 40 40 40 41 41 41 41 42 42 42 42 43 43 43 43 44 44 44 44 45 45
 45 45 46 46 46 46 47 47 47 47 48 48 48 48 49 49 49 49 50 50 50 50 51 51
 51 51 52 52 52 52 53 53 53 53 54 54 54 54 55 55 55 55 56 56 56 56 57 57
 57 57 58 58 58 58 59 59]
[DEBUG] Transition voltages:
[0.27882353 0.28235294 0.28941176 0.29647059 0.30352941 0.31058823
 0.31764706 0.32470588 0.33176471 0.33882353 0.34588235 0.35294118
 0.36       0.36705882 0.37411765 0.38117647 0.38823529 0.39529412
 0.40235294 0.40941176 0.41647059]
[DEBUG] Code transitions:
[ 1 40 41 42 43 44 45 46 47 48 49 50 51 52 53 54 55 56 57 58 59]
[DEBUG] Bin widths:
[0.00352941 0.00705882 0.00705882 0.00705882 0.00705882 0.00705882
 0.00705882 0.00705882 0.00705882 0.00705882 0.00705882 0.00705882
 0.00705882 0.00705882 0.00705882 0.00705882 0.00705882 0.00705882
 0.00705882 0.00705882]
[DEBUG] DNL:
[-0.49803918  0.00392164  0.00392149  0.00392164  0.00392149  0.00392164
  0.00392149  0.00392164  0.00392149  0.00392164  0.00392149  0.00392164
  0.00392164  0.00392149  0.00392149  0.00392164  0.00392164  0.00392149
  0.00392164  0.00392149]
Parameter DNL: Saving simulation summary as '[repr.filename][link=file:///home/madra/cace/SAR-ADC-using-Sky130-PDK/runs/RUN_2025-09-02_21-35-05/parameters/DNL/simulation_summary.md]runs/RUN_2025-09-02_21-35-05/parameters/DNL/simulation_summary.md[/link][/repr.filename]'…
Done with CACE simulations and evaluations in 0:19:56.
