Running parameters: DNL
Generating simulation netlist from schematic…
Skipping extraction of rcx netlist. Up to date.
Skipping extraction of layout netlist. Up to date.
Not regenerating GDSII from magic layout. Up to date.
Parameter DNL: Generating simulation files…
Parameter DNL: Running simulations…
Parameter DNL: Collecting results…
Running user-defined script '[repr.filename][link=file:///home/ece/cace/SAR-ADC-using-Sky130-PDK/cace/scripts/dnl.py]cace/scripts/dnl.py[/link][/repr.filename]'…
[DEBUG] VIN samples:
[1.27058824 1.27235294 1.27411765 1.27588235 1.27764706 1.27941176
 1.28117647 1.28294118 1.28470588 1.28647059 1.28823529 1.29
 1.29176471 1.29352941 1.29529412 1.29705882 1.29882353 1.30058824
 1.30235294 1.30411765 1.30588235]
[DEBUG] Code samples:
[182 182 182 182 183 183 183 183 184 184 184 185 185 185 185 186 186 186
 186 187 187]
[DEBUG] Transition voltages:
[1.27058824 1.27764706 1.28470588 1.29       1.29705882 1.30411765]
[DEBUG] Code transitions:
[  1 183 184 185 186 187]
[DEBUG] Bin widths:
[0.00705882 0.00705882 0.00529412 0.00705882 0.00705883]
[DEBUG] DNL:
[ 0.00392107  0.00392107 -0.24705849  0.00392107  0.00392249]
Parameter DNL: Saving simulation summary as '[repr.filename][link=file:///home/ece/cace/SAR-ADC-using-Sky130-PDK/runs/RUN_2025-09-11_19-22-56/parameters/DNL/simulation_summary.md]runs/RUN_2025-09-11_19-22-56/parameters/DNL/simulation_summary.md[/link][/repr.filename]'…
Done with CACE simulations and evaluations in 0:33:03.
