Running parameters: DNL
Generating simulation netlist from schematic…
Skipping extraction of rcx netlist. Up to date.
Skipping extraction of layout netlist. Up to date.
Not regenerating GDSII from magic layout. Up to date.
Parameter DNL: Generating simulation files…
Parameter DNL: Running simulations…
Parameter DNL: Collecting results…
Running user-defined script '[repr.filename][link=file:///home/issa/cace/SAR-ADC-using-Sky130-PDK/cace/scripts/dnl.py]cace/scripts/dnl.py[/link][/repr.filename]'…
[DEBUG] VIN samples:
[1.30588235 1.30764706 1.30941176 1.31117647 1.31294118 1.31470588
 1.31647059 1.31823529 1.32       1.32176471 1.32352941 1.32529412
 1.32705882 1.32882353 1.33058824 1.33235294 1.33411765 1.33588235
 1.33764706 1.33941176 1.34117647]
[DEBUG] Code samples:
[187 187 187 187 188 188 188 189 189 189 189 190 190 190 190 191 191 191
 191 191 191]
[DEBUG] Transition voltages:
[1.30588235 1.31294118 1.31823529 1.32529412 1.33235294]
[DEBUG] Code transitions:
[  1 188 189 190 191]
[DEBUG] Bin widths:
[0.00705883 0.00529411 0.00705883 0.00705882]
[DEBUG] DNL:
[ 0.00392249 -0.24705991  0.00392249  0.00392107]
Parameter DNL: Saving simulation summary as '[repr.filename][link=file:///home/issa/cace/SAR-ADC-using-Sky130-PDK/runs/RUN_2025-09-10_08-24-53/parameters/DNL/simulation_summary.md]runs/RUN_2025-09-10_08-24-53/parameters/DNL/simulation_summary.md[/link][/repr.filename]'…
Done with CACE simulations and evaluations in 1:07:08.
